running egg_info
creating ../../build/drone_package/drone_package.egg-info
writing ../../build/drone_package/drone_package.egg-info/PKG-INFO
writing dependency_links to ../../build/drone_package/drone_package.egg-info/dependency_links.txt
writing entry points to ../../build/drone_package/drone_package.egg-info/entry_points.txt
writing requirements to ../../build/drone_package/drone_package.egg-info/requires.txt
writing top-level names to ../../build/drone_package/drone_package.egg-info/top_level.txt
writing manifest file '../../build/drone_package/drone_package.egg-info/SOURCES.txt'
reading manifest file '../../build/drone_package/drone_package.egg-info/SOURCES.txt'
writing manifest file '../../build/drone_package/drone_package.egg-info/SOURCES.txt'
running build
running build_py
creating /home/spiderweb/autonomous-drone-system/drone-firmware/ros2_ws/build/drone_package/build
creating /home/spiderweb/autonomous-drone-system/drone-firmware/ros2_ws/build/drone_package/build/lib
creating /home/spiderweb/autonomous-drone-system/drone-firmware/ros2_ws/build/drone_package/build/lib/drone_package
copying drone_package/__init__.py -> /home/spiderweb/autonomous-drone-system/drone-firmware/ros2_ws/build/drone_package/build/lib/drone_package
copying drone_package/mavsdk_node.py -> /home/spiderweb/autonomous-drone-system/drone-firmware/ros2_ws/build/drone_package/build/lib/drone_package
running install
running install_lib
creating /home/spiderweb/autonomous-drone-system/drone-firmware/ros2_ws/install/drone_package/lib/python3.10/site-packages/drone_package
copying /home/spiderweb/autonomous-drone-system/drone-firmware/ros2_ws/build/drone_package/build/lib/drone_package/__init__.py -> /home/spiderweb/autonomous-drone-system/drone-firmware/ros2_ws/install/drone_package/lib/python3.10/site-packages/drone_package
copying /home/spiderweb/autonomous-drone-system/drone-firmware/ros2_ws/build/drone_package/build/lib/drone_package/mavsdk_node.py -> /home/spiderweb/autonomous-drone-system/drone-firmware/ros2_ws/install/drone_package/lib/python3.10/site-packages/drone_package
byte-compiling /home/spiderweb/autonomous-drone-system/drone-firmware/ros2_ws/install/drone_package/lib/python3.10/site-packages/drone_package/__init__.py to __init__.cpython-310.pyc
byte-compiling /home/spiderweb/autonomous-drone-system/drone-firmware/ros2_ws/install/drone_package/lib/python3.10/site-packages/drone_package/mavsdk_node.py to mavsdk_node.cpython-310.pyc
running install_data
creating /home/spiderweb/autonomous-drone-system/drone-firmware/ros2_ws/install/drone_package/share/ament_index
creating /home/spiderweb/autonomous-drone-system/drone-firmware/ros2_ws/install/drone_package/share/ament_index/resource_index
creating /home/spiderweb/autonomous-drone-system/drone-firmware/ros2_ws/install/drone_package/share/ament_index/resource_index/packages
copying resource/drone_package -> /home/spiderweb/autonomous-drone-system/drone-firmware/ros2_ws/install/drone_package/share/ament_index/resource_index/packages
copying package.xml -> /home/spiderweb/autonomous-drone-system/drone-firmware/ros2_ws/install/drone_package/share/drone_package
running install_egg_info
Copying ../../build/drone_package/drone_package.egg-info to /home/spiderweb/autonomous-drone-system/drone-firmware/ros2_ws/install/drone_package/lib/python3.10/site-packages/drone_package-0.0.0-py3.10.egg-info
running install_scripts
Installing mavsdk_node script to /home/spiderweb/autonomous-drone-system/drone-firmware/ros2_ws/install/drone_package/lib/drone_package
writing list of installed files to '/home/spiderweb/autonomous-drone-system/drone-firmware/ros2_ws/build/drone_package/install.log'
