[3.020s] Invoking command in '/home/spiderweb/autonomous-drone-system/drone-firmware/ros2_ws/src/drone_package': PYTHONPATH=/home/spiderweb/autonomous-drone-system/drone-firmware/ros2_ws/build/drone_package/prefix_override:/usr/lib/python3/dist-packages/colcon_core/task/python/colcon_distutils_commands:/home/spiderweb/autonomous-drone-system/drone-firmware/ros2_ws/install/drone_package/lib/python3.10/site-packages:${PYTHONPATH} /usr/bin/python3 -W ignore:setup.py install is deprecated -W ignore:easy_install command is deprecated setup.py egg_info --egg-base ../../build/drone_package build --build-base /home/spiderweb/autonomous-drone-system/drone-firmware/ros2_ws/build/drone_package/build install --record /home/spiderweb/autonomous-drone-system/drone-firmware/ros2_ws/build/drone_package/install.log --single-version-externally-managed install_data
[4.170s] running egg_info
[4.172s] creating ../../build/drone_package/drone_package.egg-info
[4.173s] writing ../../build/drone_package/drone_package.egg-info/PKG-INFO
[4.175s] writing dependency_links to ../../build/drone_package/drone_package.egg-info/dependency_links.txt
[4.176s] writing entry points to ../../build/drone_package/drone_package.egg-info/entry_points.txt
[4.176s] writing requirements to ../../build/drone_package/drone_package.egg-info/requires.txt
[4.177s] writing top-level names to ../../build/drone_package/drone_package.egg-info/top_level.txt
[4.177s] writing manifest file '../../build/drone_package/drone_package.egg-info/SOURCES.txt'
[4.184s] reading manifest file '../../build/drone_package/drone_package.egg-info/SOURCES.txt'
[4.187s] writing manifest file '../../build/drone_package/drone_package.egg-info/SOURCES.txt'
[4.188s] running build
[4.189s] running build_py
[4.189s] creating /home/spiderweb/autonomous-drone-system/drone-firmware/ros2_ws/build/drone_package/build
[4.190s] creating /home/spiderweb/autonomous-drone-system/drone-firmware/ros2_ws/build/drone_package/build/lib
[4.190s] creating /home/spiderweb/autonomous-drone-system/drone-firmware/ros2_ws/build/drone_package/build/lib/drone_package
[4.191s] copying drone_package/__init__.py -> /home/spiderweb/autonomous-drone-system/drone-firmware/ros2_ws/build/drone_package/build/lib/drone_package
[4.191s] copying drone_package/mavsdk_node.py -> /home/spiderweb/autonomous-drone-system/drone-firmware/ros2_ws/build/drone_package/build/lib/drone_package
[4.192s] running install
[4.193s] running install_lib
[4.196s] creating /home/spiderweb/autonomous-drone-system/drone-firmware/ros2_ws/install/drone_package/lib/python3.10/site-packages/drone_package
[4.198s] copying /home/spiderweb/autonomous-drone-system/drone-firmware/ros2_ws/build/drone_package/build/lib/drone_package/__init__.py -> /home/spiderweb/autonomous-drone-system/drone-firmware/ros2_ws/install/drone_package/lib/python3.10/site-packages/drone_package
[4.198s] copying /home/spiderweb/autonomous-drone-system/drone-firmware/ros2_ws/build/drone_package/build/lib/drone_package/mavsdk_node.py -> /home/spiderweb/autonomous-drone-system/drone-firmware/ros2_ws/install/drone_package/lib/python3.10/site-packages/drone_package
[4.201s] byte-compiling /home/spiderweb/autonomous-drone-system/drone-firmware/ros2_ws/install/drone_package/lib/python3.10/site-packages/drone_package/__init__.py to __init__.cpython-310.pyc
[4.202s] byte-compiling /home/spiderweb/autonomous-drone-system/drone-firmware/ros2_ws/install/drone_package/lib/python3.10/site-packages/drone_package/mavsdk_node.py to mavsdk_node.cpython-310.pyc
[4.208s] running install_data
[4.209s] creating /home/spiderweb/autonomous-drone-system/drone-firmware/ros2_ws/install/drone_package/share/ament_index
[4.209s] creating /home/spiderweb/autonomous-drone-system/drone-firmware/ros2_ws/install/drone_package/share/ament_index/resource_index
[4.210s] creating /home/spiderweb/autonomous-drone-system/drone-firmware/ros2_ws/install/drone_package/share/ament_index/resource_index/packages
[4.210s] copying resource/drone_package -> /home/spiderweb/autonomous-drone-system/drone-firmware/ros2_ws/install/drone_package/share/ament_index/resource_index/packages
[4.211s] copying package.xml -> /home/spiderweb/autonomous-drone-system/drone-firmware/ros2_ws/install/drone_package/share/drone_package
[4.211s] running install_egg_info
[4.219s] Copying ../../build/drone_package/drone_package.egg-info to /home/spiderweb/autonomous-drone-system/drone-firmware/ros2_ws/install/drone_package/lib/python3.10/site-packages/drone_package-0.0.0-py3.10.egg-info
[4.225s] running install_scripts
[4.306s] Installing mavsdk_node script to /home/spiderweb/autonomous-drone-system/drone-firmware/ros2_ws/install/drone_package/lib/drone_package
[4.308s] writing list of installed files to '/home/spiderweb/autonomous-drone-system/drone-firmware/ros2_ws/build/drone_package/install.log'
[4.433s] Invoked command in '/home/spiderweb/autonomous-drone-system/drone-firmware/ros2_ws/src/drone_package' returned '0': PYTHONPATH=/home/spiderweb/autonomous-drone-system/drone-firmware/ros2_ws/build/drone_package/prefix_override:/usr/lib/python3/dist-packages/colcon_core/task/python/colcon_distutils_commands:/home/spiderweb/autonomous-drone-system/drone-firmware/ros2_ws/install/drone_package/lib/python3.10/site-packages:${PYTHONPATH} /usr/bin/python3 -W ignore:setup.py install is deprecated -W ignore:easy_install command is deprecated setup.py egg_info --egg-base ../../build/drone_package build --build-base /home/spiderweb/autonomous-drone-system/drone-firmware/ros2_ws/build/drone_package/build install --record /home/spiderweb/autonomous-drone-system/drone-firmware/ros2_ws/build/drone_package/install.log --single-version-externally-managed install_data
