[0.461s] DEBUG:colcon:Command line arguments: ['/usr/bin/colcon', 'build']
[0.461s] DEBUG:colcon:Parsed command line arguments: Namespace(log_base=None, log_level=None, verb_name='build', build_base='build', install_base='install', merge_install=False, symlink_install=False, test_result_base=None, continue_on_error=False, executor='parallel', parallel_workers=4, event_handlers=None, ignore_user_meta=False, metas=['./colcon.meta'], base_paths=['.'], packages_ignore=None, packages_ignore_regex=None, paths=None, packages_up_to=None, packages_up_to_regex=None, packages_above=None, packages_above_and_dependencies=None, packages_above_depth=None, packages_select_by_dep=None, packages_skip_by_dep=None, packages_skip_up_to=None, packages_select_build_failed=False, packages_skip_build_finished=False, packages_select_test_failures=False, packages_skip_test_passed=False, packages_select=None, packages_skip=None, packages_select_regex=None, packages_skip_regex=None, packages_start=None, packages_end=None, allow_overriding=[], cmake_args=None, cmake_target=None, cmake_target_skip_unavailable=False, cmake_clean_cache=False, cmake_clean_first=False, cmake_force_configure=False, ament_cmake_args=None, catkin_cmake_args=None, catkin_skip_building_tests=False, mixin_files=None, mixin=None, verb_parser=<colcon_mixin.mixin.mixin_argument.MixinArgumentDecorator object at 0xffffbaa6e290>, verb_extension=<colcon_core.verb.build.BuildVerb object at 0xffffbabf3220>, main=<bound method BuildVerb.main of <colcon_core.verb.build.BuildVerb object at 0xffffbabf3220>>, mixin_verb=('build',))
[1.355s] Level 1:colcon.colcon_core.package_discovery:discover_packages(colcon_meta) check parameters
[1.355s] Level 1:colcon.colcon_core.package_discovery:discover_packages(recursive) check parameters
[1.355s] Level 1:colcon.colcon_core.package_discovery:discover_packages(ignore) check parameters
[1.356s] Level 1:colcon.colcon_core.package_discovery:discover_packages(path) check parameters
[1.356s] Level 1:colcon.colcon_core.package_discovery:discover_packages(colcon_meta) discover
[1.356s] Level 1:colcon.colcon_core.package_discovery:discover_packages(recursive) discover
[1.356s] INFO:colcon.colcon_core.package_discovery:Crawling recursively for packages in '/home/spiderweb/autonomous-drone-system/drone-firmware/ros2_ws'
[1.357s] Level 1:colcon.colcon_core.package_identification:_identify(.) by extensions ['ignore', 'ignore_ament_install']
[1.357s] Level 1:colcon.colcon_core.package_identification:_identify(.) by extension 'ignore'
[1.357s] Level 1:colcon.colcon_core.package_identification:_identify(.) by extension 'ignore_ament_install'
[1.358s] Level 1:colcon.colcon_core.package_identification:_identify(.) by extensions ['colcon_pkg']
[1.358s] Level 1:colcon.colcon_core.package_identification:_identify(.) by extension 'colcon_pkg'
[1.358s] Level 1:colcon.colcon_core.package_identification:_identify(.) by extensions ['colcon_meta']
[1.358s] Level 1:colcon.colcon_core.package_identification:_identify(.) by extension 'colcon_meta'
[1.358s] Level 1:colcon.colcon_core.package_identification:_identify(.) by extensions ['ros']
[1.358s] Level 1:colcon.colcon_core.package_identification:_identify(.) by extension 'ros'
[1.402s] Level 1:colcon.colcon_core.package_identification:_identify(.) by extensions ['cmake', 'python']
[1.403s] Level 1:colcon.colcon_core.package_identification:_identify(.) by extension 'cmake'
[1.403s] Level 1:colcon.colcon_core.package_identification:_identify(.) by extension 'python'
[1.403s] Level 1:colcon.colcon_core.package_identification:_identify(.) by extensions ['python_setup_py']
[1.403s] Level 1:colcon.colcon_core.package_identification:_identify(.) by extension 'python_setup_py'
[1.404s] Level 1:colcon.colcon_core.package_identification:_identify(build) by extensions ['ignore', 'ignore_ament_install']
[1.404s] Level 1:colcon.colcon_core.package_identification:_identify(build) by extension 'ignore'
[1.404s] Level 1:colcon.colcon_core.package_identification:_identify(build) ignored
[1.405s] Level 1:colcon.colcon_core.package_identification:_identify(install) by extensions ['ignore', 'ignore_ament_install']
[1.405s] Level 1:colcon.colcon_core.package_identification:_identify(install) by extension 'ignore'
[1.406s] Level 1:colcon.colcon_core.package_identification:_identify(install) ignored
[1.406s] Level 1:colcon.colcon_core.package_identification:_identify(log) by extensions ['ignore', 'ignore_ament_install']
[1.406s] Level 1:colcon.colcon_core.package_identification:_identify(log) by extension 'ignore'
[1.407s] Level 1:colcon.colcon_core.package_identification:_identify(log) ignored
[1.407s] Level 1:colcon.colcon_core.package_identification:_identify(src) by extensions ['ignore', 'ignore_ament_install']
[1.407s] Level 1:colcon.colcon_core.package_identification:_identify(src) by extension 'ignore'
[1.408s] Level 1:colcon.colcon_core.package_identification:_identify(src) by extension 'ignore_ament_install'
[1.408s] Level 1:colcon.colcon_core.package_identification:_identify(src) by extensions ['colcon_pkg']
[1.408s] Level 1:colcon.colcon_core.package_identification:_identify(src) by extension 'colcon_pkg'
[1.408s] Level 1:colcon.colcon_core.package_identification:_identify(src) by extensions ['colcon_meta']
[1.408s] Level 1:colcon.colcon_core.package_identification:_identify(src) by extension 'colcon_meta'
[1.409s] Level 1:colcon.colcon_core.package_identification:_identify(src) by extensions ['ros']
[1.409s] Level 1:colcon.colcon_core.package_identification:_identify(src) by extension 'ros'
[1.409s] Level 1:colcon.colcon_core.package_identification:_identify(src) by extensions ['cmake', 'python']
[1.409s] Level 1:colcon.colcon_core.package_identification:_identify(src) by extension 'cmake'
[1.409s] Level 1:colcon.colcon_core.package_identification:_identify(src) by extension 'python'
[1.409s] Level 1:colcon.colcon_core.package_identification:_identify(src) by extensions ['python_setup_py']
[1.410s] Level 1:colcon.colcon_core.package_identification:_identify(src) by extension 'python_setup_py'
[1.410s] Level 1:colcon.colcon_core.package_identification:_identify(src/drone_package) by extensions ['ignore', 'ignore_ament_install']
[1.410s] Level 1:colcon.colcon_core.package_identification:_identify(src/drone_package) by extension 'ignore'
[1.411s] Level 1:colcon.colcon_core.package_identification:_identify(src/drone_package) by extension 'ignore_ament_install'
[1.411s] Level 1:colcon.colcon_core.package_identification:_identify(src/drone_package) by extensions ['colcon_pkg']
[1.411s] Level 1:colcon.colcon_core.package_identification:_identify(src/drone_package) by extension 'colcon_pkg'
[1.412s] Level 1:colcon.colcon_core.package_identification:_identify(src/drone_package) by extensions ['colcon_meta']
[1.412s] Level 1:colcon.colcon_core.package_identification:_identify(src/drone_package) by extension 'colcon_meta'
[1.412s] Level 1:colcon.colcon_core.package_identification:_identify(src/drone_package) by extensions ['ros']
[1.412s] Level 1:colcon.colcon_core.package_identification:_identify(src/drone_package) by extension 'ros'
[1.421s] DEBUG:colcon.colcon_core.package_identification:Package 'src/drone_package' with type 'ros.ament_python' and name 'drone_package'
[1.421s] Level 1:colcon.colcon_core.package_discovery:discover_packages(recursive) using defaults
[1.422s] Level 1:colcon.colcon_core.package_discovery:discover_packages(ignore) discover
[1.422s] Level 1:colcon.colcon_core.package_discovery:discover_packages(ignore) using defaults
[1.422s] Level 1:colcon.colcon_core.package_discovery:discover_packages(path) discover
[1.422s] Level 1:colcon.colcon_core.package_discovery:discover_packages(path) using defaults
[1.539s] Level 1:colcon.colcon_core.package_discovery:discover_packages(prefix_path) check parameters
[1.539s] Level 1:colcon.colcon_core.package_discovery:discover_packages(prefix_path) discover
[1.543s] WARNING:colcon.colcon_ros.prefix_path.ament:The path '/home/spiderweb/autonomous-drone-system/drone-firmware/ros2_ws/install/px4_ros_com' in the environment variable AMENT_PREFIX_PATH doesn't exist
[1.544s] WARNING:colcon.colcon_ros.prefix_path.ament:The path '/home/spiderweb/autonomous-drone-system/drone-firmware/ros2_ws/install/px4_msgs' in the environment variable AMENT_PREFIX_PATH doesn't exist
[1.545s] WARNING:colcon.colcon_ros.prefix_path.catkin:The path '/home/spiderweb/autonomous-drone-system/drone-firmware/ros2_ws/install/px4_ros_com' in the environment variable CMAKE_PREFIX_PATH doesn't exist
[1.545s] WARNING:colcon.colcon_ros.prefix_path.catkin:The path '/home/spiderweb/autonomous-drone-system/drone-firmware/ros2_ws/install/px4_msgs' in the environment variable CMAKE_PREFIX_PATH doesn't exist
[1.549s] DEBUG:colcon.colcon_installed_package_information.package_discovery:Found 1 installed packages in /home/spiderweb/autonomous-drone-system/drone-firmware/ros2_ws/install
[1.558s] DEBUG:colcon.colcon_installed_package_information.package_discovery:Found 271 installed packages in /opt/ros/humble
[1.565s] Level 1:colcon.colcon_core.package_discovery:discover_packages(prefix_path) using defaults
[1.736s] Level 5:colcon.colcon_core.verb:set package 'drone_package' build argument 'cmake_args' from command line to 'None'
[1.736s] Level 5:colcon.colcon_core.verb:set package 'drone_package' build argument 'cmake_target' from command line to 'None'
[1.737s] Level 5:colcon.colcon_core.verb:set package 'drone_package' build argument 'cmake_target_skip_unavailable' from command line to 'False'
[1.737s] Level 5:colcon.colcon_core.verb:set package 'drone_package' build argument 'cmake_clean_cache' from command line to 'False'
[1.737s] Level 5:colcon.colcon_core.verb:set package 'drone_package' build argument 'cmake_clean_first' from command line to 'False'
[1.737s] Level 5:colcon.colcon_core.verb:set package 'drone_package' build argument 'cmake_force_configure' from command line to 'False'
[1.738s] Level 5:colcon.colcon_core.verb:set package 'drone_package' build argument 'ament_cmake_args' from command line to 'None'
[1.738s] Level 5:colcon.colcon_core.verb:set package 'drone_package' build argument 'catkin_cmake_args' from command line to 'None'
[1.738s] Level 5:colcon.colcon_core.verb:set package 'drone_package' build argument 'catkin_skip_building_tests' from command line to 'False'
[1.738s] DEBUG:colcon.colcon_core.verb:Building package 'drone_package' with the following arguments: {'ament_cmake_args': None, 'build_base': '/home/spiderweb/autonomous-drone-system/drone-firmware/ros2_ws/build/drone_package', 'catkin_cmake_args': None, 'catkin_skip_building_tests': False, 'cmake_args': None, 'cmake_clean_cache': False, 'cmake_clean_first': False, 'cmake_force_configure': False, 'cmake_target': None, 'cmake_target_skip_unavailable': False, 'install_base': '/home/spiderweb/autonomous-drone-system/drone-firmware/ros2_ws/install/drone_package', 'merge_install': False, 'path': '/home/spiderweb/autonomous-drone-system/drone-firmware/ros2_ws/src/drone_package', 'symlink_install': False, 'test_result_base': None}
[1.740s] INFO:colcon.colcon_core.executor:Executing jobs using 'parallel' executor
[1.747s] DEBUG:colcon.colcon_parallel_executor.executor.parallel:run_until_complete
[1.750s] INFO:colcon.colcon_ros.task.ament_python.build:Building ROS package in '/home/spiderweb/autonomous-drone-system/drone-firmware/ros2_ws/src/drone_package' with build type 'ament_python'
[1.751s] Level 1:colcon.colcon_core.shell:create_environment_hook('drone_package', 'ament_prefix_path')
[1.763s] INFO:colcon.colcon_core.plugin_system:Skipping extension 'colcon_core.shell.bat': Not used on non-Windows systems
[1.764s] INFO:colcon.colcon_core.shell:Creating environment hook '/home/spiderweb/autonomous-drone-system/drone-firmware/ros2_ws/install/drone_package/share/drone_package/hook/ament_prefix_path.ps1'
[1.769s] INFO:colcon.colcon_core.shell:Creating environment descriptor '/home/spiderweb/autonomous-drone-system/drone-firmware/ros2_ws/install/drone_package/share/drone_package/hook/ament_prefix_path.dsv'
[1.772s] INFO:colcon.colcon_core.shell:Creating environment hook '/home/spiderweb/autonomous-drone-system/drone-firmware/ros2_ws/install/drone_package/share/drone_package/hook/ament_prefix_path.sh'
[1.776s] INFO:colcon.colcon_core.shell:Skip shell extension 'powershell' for command environment: Not usable outside of PowerShell
[1.777s] DEBUG:colcon.colcon_core.shell:Skip shell extension 'dsv' for command environment
[3.183s] INFO:colcon.colcon_core.task.python.build:Building Python package in '/home/spiderweb/autonomous-drone-system/drone-firmware/ros2_ws/src/drone_package'
[3.184s] INFO:colcon.colcon_core.shell:Skip shell extension 'powershell' for command environment: Not usable outside of PowerShell
[3.184s] DEBUG:colcon.colcon_core.shell:Skip shell extension 'dsv' for command environment
[4.896s] DEBUG:colcon.colcon_core.event_handler.log_command:Invoking command in '/home/spiderweb/autonomous-drone-system/drone-firmware/ros2_ws/src/drone_package': PYTHONPATH=/home/spiderweb/autonomous-drone-system/drone-firmware/ros2_ws/build/drone_package/prefix_override:/usr/lib/python3/dist-packages/colcon_core/task/python/colcon_distutils_commands:/home/spiderweb/autonomous-drone-system/drone-firmware/ros2_ws/install/drone_package/lib/python3.10/site-packages:${PYTHONPATH} /usr/bin/python3 -W ignore:setup.py install is deprecated -W ignore:easy_install command is deprecated setup.py egg_info --egg-base ../../build/drone_package build --build-base /home/spiderweb/autonomous-drone-system/drone-firmware/ros2_ws/build/drone_package/build install --record /home/spiderweb/autonomous-drone-system/drone-firmware/ros2_ws/build/drone_package/install.log --single-version-externally-managed install_data
[6.379s] DEBUG:colcon.colcon_core.event_handler.log_command:Invoked command in '/home/spiderweb/autonomous-drone-system/drone-firmware/ros2_ws/src/drone_package' returned '0': PYTHONPATH=/home/spiderweb/autonomous-drone-system/drone-firmware/ros2_ws/build/drone_package/prefix_override:/usr/lib/python3/dist-packages/colcon_core/task/python/colcon_distutils_commands:/home/spiderweb/autonomous-drone-system/drone-firmware/ros2_ws/install/drone_package/lib/python3.10/site-packages:${PYTHONPATH} /usr/bin/python3 -W ignore:setup.py install is deprecated -W ignore:easy_install command is deprecated setup.py egg_info --egg-base ../../build/drone_package build --build-base /home/spiderweb/autonomous-drone-system/drone-firmware/ros2_ws/build/drone_package/build install --record /home/spiderweb/autonomous-drone-system/drone-firmware/ros2_ws/build/drone_package/install.log --single-version-externally-managed install_data
[6.392s] Level 1:colcon.colcon_core.environment:checking '/home/spiderweb/autonomous-drone-system/drone-firmware/ros2_ws/install/drone_package' for CMake module files
[6.395s] Level 1:colcon.colcon_core.environment:checking '/home/spiderweb/autonomous-drone-system/drone-firmware/ros2_ws/install/drone_package' for CMake config files
[6.399s] Level 1:colcon.colcon_core.environment:checking '/home/spiderweb/autonomous-drone-system/drone-firmware/ros2_ws/install/drone_package/lib'
[6.400s] Level 1:colcon.colcon_core.environment:checking '/home/spiderweb/autonomous-drone-system/drone-firmware/ros2_ws/install/drone_package/bin'
[6.400s] Level 1:colcon.colcon_core.environment:checking '/home/spiderweb/autonomous-drone-system/drone-firmware/ros2_ws/install/drone_package/lib/pkgconfig/drone_package.pc'
[6.401s] Level 1:colcon.colcon_core.environment:checking '/home/spiderweb/autonomous-drone-system/drone-firmware/ros2_ws/install/drone_package/lib/python3.10/site-packages'
[6.402s] Level 1:colcon.colcon_core.shell:create_environment_hook('drone_package', 'pythonpath')
[6.402s] INFO:colcon.colcon_core.shell:Creating environment hook '/home/spiderweb/autonomous-drone-system/drone-firmware/ros2_ws/install/drone_package/share/drone_package/hook/pythonpath.ps1'
[6.405s] INFO:colcon.colcon_core.shell:Creating environment descriptor '/home/spiderweb/autonomous-drone-system/drone-firmware/ros2_ws/install/drone_package/share/drone_package/hook/pythonpath.dsv'
[6.407s] INFO:colcon.colcon_core.shell:Creating environment hook '/home/spiderweb/autonomous-drone-system/drone-firmware/ros2_ws/install/drone_package/share/drone_package/hook/pythonpath.sh'
[6.411s] Level 1:colcon.colcon_core.environment:checking '/home/spiderweb/autonomous-drone-system/drone-firmware/ros2_ws/install/drone_package/bin'
[6.411s] Level 1:colcon.colcon_core.environment:create_environment_scripts_only(drone_package)
[6.412s] INFO:colcon.colcon_core.shell:Creating package script '/home/spiderweb/autonomous-drone-system/drone-firmware/ros2_ws/install/drone_package/share/drone_package/package.ps1'
[6.416s] INFO:colcon.colcon_core.shell:Creating package descriptor '/home/spiderweb/autonomous-drone-system/drone-firmware/ros2_ws/install/drone_package/share/drone_package/package.dsv'
[6.419s] INFO:colcon.colcon_core.shell:Creating package script '/home/spiderweb/autonomous-drone-system/drone-firmware/ros2_ws/install/drone_package/share/drone_package/package.sh'
[6.422s] INFO:colcon.colcon_core.shell:Creating package script '/home/spiderweb/autonomous-drone-system/drone-firmware/ros2_ws/install/drone_package/share/drone_package/package.bash'
[6.426s] INFO:colcon.colcon_core.shell:Creating package script '/home/spiderweb/autonomous-drone-system/drone-firmware/ros2_ws/install/drone_package/share/drone_package/package.zsh'
[6.429s] Level 1:colcon.colcon_core.environment:create_file_with_runtime_dependencies(/home/spiderweb/autonomous-drone-system/drone-firmware/ros2_ws/install/drone_package/share/colcon-core/packages/drone_package)
[6.431s] DEBUG:colcon.colcon_parallel_executor.executor.parallel:closing loop
[6.432s] DEBUG:colcon.colcon_parallel_executor.executor.parallel:loop closed
[6.432s] DEBUG:colcon.colcon_parallel_executor.executor.parallel:run_until_complete finished with '0'
[6.432s] DEBUG:colcon.colcon_core.event_reactor:joining thread
[6.457s] INFO:colcon.colcon_core.plugin_system:Skipping extension 'colcon_notification.desktop_notification.notify_send': Could not find 'notify-send'
[6.457s] INFO:colcon.colcon_core.plugin_system:Skipping extension 'colcon_notification.desktop_notification.terminal_notifier': Not used on non-Darwin systems
[6.458s] INFO:colcon.colcon_core.plugin_system:Skipping extension 'colcon_notification.desktop_notification.win32': Not used on non-Windows systems
[6.458s] INFO:colcon.colcon_notification.desktop_notification:Sending desktop notification using 'notify2'
[6.461s] DEBUG:colcon.colcon_notification.desktop_notification.notify2:Failed to initialize notify2: org.freedesktop.DBus.Error.ServiceUnknown: The name org.freedesktop.Notifications was not provided by any .service files
[6.462s] DEBUG:colcon.colcon_core.event_reactor:joined thread
[6.463s] INFO:colcon.colcon_core.shell:Creating prefix script '/home/spiderweb/autonomous-drone-system/drone-firmware/ros2_ws/install/local_setup.ps1'
[6.467s] INFO:colcon.colcon_core.shell:Creating prefix util module '/home/spiderweb/autonomous-drone-system/drone-firmware/ros2_ws/install/_local_setup_util_ps1.py'
[6.473s] INFO:colcon.colcon_core.shell:Creating prefix chain script '/home/spiderweb/autonomous-drone-system/drone-firmware/ros2_ws/install/setup.ps1'
[6.478s] INFO:colcon.colcon_core.shell:Creating prefix script '/home/spiderweb/autonomous-drone-system/drone-firmware/ros2_ws/install/local_setup.sh'
[6.481s] INFO:colcon.colcon_core.shell:Creating prefix util module '/home/spiderweb/autonomous-drone-system/drone-firmware/ros2_ws/install/_local_setup_util_sh.py'
[6.484s] INFO:colcon.colcon_core.shell:Creating prefix chain script '/home/spiderweb/autonomous-drone-system/drone-firmware/ros2_ws/install/setup.sh'
[6.489s] INFO:colcon.colcon_core.shell:Creating prefix script '/home/spiderweb/autonomous-drone-system/drone-firmware/ros2_ws/install/local_setup.bash'
[6.491s] INFO:colcon.colcon_core.shell:Creating prefix chain script '/home/spiderweb/autonomous-drone-system/drone-firmware/ros2_ws/install/setup.bash'
[6.496s] INFO:colcon.colcon_core.shell:Creating prefix script '/home/spiderweb/autonomous-drone-system/drone-firmware/ros2_ws/install/local_setup.zsh'
[6.499s] INFO:colcon.colcon_core.shell:Creating prefix chain script '/home/spiderweb/autonomous-drone-system/drone-firmware/ros2_ws/install/setup.zsh'
