running egg_info
writing ../../build/drone_package/drone_package.egg-info/PKG-INFO
writing dependency_links to ../../build/drone_package/drone_package.egg-info/dependency_links.txt
writing entry points to ../../build/drone_package/drone_package.egg-info/entry_points.txt
writing requirements to ../../build/drone_package/drone_package.egg-info/requires.txt
writing top-level names to ../../build/drone_package/drone_package.egg-info/top_level.txt
reading manifest file '../../build/drone_package/drone_package.egg-info/SOURCES.txt'
writing manifest file '../../build/drone_package/drone_package.egg-info/SOURCES.txt'
running build
running build_py
copying drone_package/mavsdk_node.py -> /home/spiderweb/autonomous-drone-system/drone-firmware/ros2_ws/build/drone_package/build/lib/drone_package
running install
running install_lib
copying /home/spiderweb/autonomous-drone-system/drone-firmware/ros2_ws/build/drone_package/build/lib/drone_package/mavsdk_node.py -> /home/spiderweb/autonomous-drone-system/drone-firmware/ros2_ws/install/drone_package/lib/python3.10/site-packages/drone_package
byte-compiling /home/spiderweb/autonomous-drone-system/drone-firmware/ros2_ws/install/drone_package/lib/python3.10/site-packages/drone_package/mavsdk_node.py to mavsdk_node.cpython-310.pyc
running install_data
running install_egg_info
removing '/home/spiderweb/autonomous-drone-system/drone-firmware/ros2_ws/install/drone_package/lib/python3.10/site-packages/drone_package-0.0.0-py3.10.egg-info' (and everything under it)
Copying ../../build/drone_package/drone_package.egg-info to /home/spiderweb/autonomous-drone-system/drone-firmware/ros2_ws/install/drone_package/lib/python3.10/site-packages/drone_package-0.0.0-py3.10.egg-info
running install_scripts
Installing mavsdk_node script to /home/spiderweb/autonomous-drone-system/drone-firmware/ros2_ws/install/drone_package/lib/drone_package
writing list of installed files to '/home/spiderweb/autonomous-drone-system/drone-firmware/ros2_ws/build/drone_package/install.log'
