[3.145s] Invoking command in '/home/spiderweb/autonomous-drone-system/drone-firmware/ros2_ws/src/drone_package': PYTHONPATH=/home/spiderweb/autonomous-drone-system/drone-firmware/ros2_ws/build/drone_package/prefix_override:/usr/lib/python3/dist-packages/colcon_core/task/python/colcon_distutils_commands:/home/spiderweb/autonomous-drone-system/drone-firmware/ros2_ws/install/drone_package/lib/python3.10/site-packages:${PYTHONPATH} /usr/bin/python3 -W ignore:setup.py install is deprecated -W ignore:easy_install command is deprecated setup.py egg_info --egg-base ../../build/drone_package build --build-base /home/spiderweb/autonomous-drone-system/drone-firmware/ros2_ws/build/drone_package/build install --record /home/spiderweb/autonomous-drone-system/drone-firmware/ros2_ws/build/drone_package/install.log --single-version-externally-managed install_data
[4.349s] running egg_info
[4.351s] writing ../../build/drone_package/drone_package.egg-info/PKG-INFO
[4.352s] writing dependency_links to ../../build/drone_package/drone_package.egg-info/dependency_links.txt
[4.354s] writing entry points to ../../build/drone_package/drone_package.egg-info/entry_points.txt
[4.355s] writing requirements to ../../build/drone_package/drone_package.egg-info/requires.txt
[4.359s] writing top-level names to ../../build/drone_package/drone_package.egg-info/top_level.txt
[4.367s] reading manifest file '../../build/drone_package/drone_package.egg-info/SOURCES.txt'
[4.375s] writing manifest file '../../build/drone_package/drone_package.egg-info/SOURCES.txt'
[4.376s] running build
[4.377s] running build_py
[4.377s] copying drone_package/mavsdk_node.py -> /home/spiderweb/autonomous-drone-system/drone-firmware/ros2_ws/build/drone_package/build/lib/drone_package
[4.378s] running install
[4.379s] running install_lib
[4.384s] copying /home/spiderweb/autonomous-drone-system/drone-firmware/ros2_ws/build/drone_package/build/lib/drone_package/mavsdk_node.py -> /home/spiderweb/autonomous-drone-system/drone-firmware/ros2_ws/install/drone_package/lib/python3.10/site-packages/drone_package
[4.387s] byte-compiling /home/spiderweb/autonomous-drone-system/drone-firmware/ros2_ws/install/drone_package/lib/python3.10/site-packages/drone_package/mavsdk_node.py to mavsdk_node.cpython-310.pyc
[4.393s] running install_data
[4.394s] running install_egg_info
[4.402s] removing '/home/spiderweb/autonomous-drone-system/drone-firmware/ros2_ws/install/drone_package/lib/python3.10/site-packages/drone_package-0.0.0-py3.10.egg-info' (and everything under it)
[4.404s] Copying ../../build/drone_package/drone_package.egg-info to /home/spiderweb/autonomous-drone-system/drone-firmware/ros2_ws/install/drone_package/lib/python3.10/site-packages/drone_package-0.0.0-py3.10.egg-info
[4.416s] running install_scripts
[4.498s] Installing mavsdk_node script to /home/spiderweb/autonomous-drone-system/drone-firmware/ros2_ws/install/drone_package/lib/drone_package
[4.501s] writing list of installed files to '/home/spiderweb/autonomous-drone-system/drone-firmware/ros2_ws/build/drone_package/install.log'
[4.629s] Invoked command in '/home/spiderweb/autonomous-drone-system/drone-firmware/ros2_ws/src/drone_package' returned '0': PYTHONPATH=/home/spiderweb/autonomous-drone-system/drone-firmware/ros2_ws/build/drone_package/prefix_override:/usr/lib/python3/dist-packages/colcon_core/task/python/colcon_distutils_commands:/home/spiderweb/autonomous-drone-system/drone-firmware/ros2_ws/install/drone_package/lib/python3.10/site-packages:${PYTHONPATH} /usr/bin/python3 -W ignore:setup.py install is deprecated -W ignore:easy_install command is deprecated setup.py egg_info --egg-base ../../build/drone_package build --build-base /home/spiderweb/autonomous-drone-system/drone-firmware/ros2_ws/build/drone_package/build install --record /home/spiderweb/autonomous-drone-system/drone-firmware/ros2_ws/build/drone_package/install.log --single-version-externally-managed install_data
